{"C:\\Users\\affanabdillah\\IdeaProjects\\Project Hacktiv8\\phase3\\week3\\Hacklingo-backend\\app.js": {"path":"C:\\Users\\affanabdillah\\IdeaProjects\\Project Hacktiv8\\phase3\\week3\\Hacklingo-backend\\app.js","statementMap":{"0":{"start":{"line":7,"column":12},"end":{"line":7,"column":21}},"1":{"start":{"line":9,"column":18},"end":{"line":15,"column":2}},"2":{"start":{"line":17,"column":0},"end":{"line":17,"column":28}},"3":{"start":{"line":18,"column":0},"end":{"line":18,"column":34}},"4":{"start":{"line":19,"column":0},"end":{"line":19,"column":27}},"5":{"start":{"line":20,"column":0},"end":{"line":20,"column":52}},"6":{"start":{"line":22,"column":0},"end":{"line":24,"column":3}},"7":{"start":{"line":23,"column":2},"end":{"line":23,"column":53}},"8":{"start":{"line":26,"column":0},"end":{"line":26,"column":16}},"9":{"start":{"line":28,"column":0},"end":{"line":28,"column":22}}},"fnMap":{"0":{"name":"(anonymous_0)","decl":{"start":{"line":22,"column":13},"end":{"line":22,"column":14}},"loc":{"start":{"line":22,"column":27},"end":{"line":24,"column":1}},"line":22}},"branchMap":{},"s":{"0":1,"1":1,"2":1,"3":1,"4":1,"5":1,"6":1,"7":1,"8":1,"9":1},"f":{"0":1},"b":{},"inputSourceMap":null,"_coverageSchema":"1a1c01bbd47fc00a2c39e90264f33305004495a9","hash":"ab9ff491f4a9f1ca8f168ce8ab4e0e08b8e42912"}
,"C:\\Users\\affanabdillah\\IdeaProjects\\Project Hacktiv8\\phase3\\week3\\Hacklingo-backend\\config\\connectToGoogleCloudStorage.js": {"path":"C:\\Users\\affanabdillah\\IdeaProjects\\Project Hacktiv8\\phase3\\week3\\Hacklingo-backend\\config\\connectToGoogleCloudStorage.js","statementMap":{"0":{"start":{"line":5,"column":19},"end":{"line":5,"column":49}},"1":{"start":{"line":6,"column":18},"end":{"line":6,"column":37}},"2":{"start":{"line":7,"column":19},"end":{"line":10,"column":1}},"3":{"start":{"line":12,"column":20},"end":{"line":12,"column":25}},"4":{"start":{"line":13,"column":16},"end":{"line":16,"column":2}}},"fnMap":{},"branchMap":{},"s":{"0":1,"1":1,"2":1,"3":1,"4":1},"f":{},"b":{},"inputSourceMap":null,"_coverageSchema":"1a1c01bbd47fc00a2c39e90264f33305004495a9","hash":"b7aaf2190160e5f2ca9b05ef1ad53695d0a1aaad"}
,"C:\\Users\\affanabdillah\\IdeaProjects\\Project Hacktiv8\\phase3\\week3\\Hacklingo-backend\\config\\connectToMongoDB.js": {"path":"C:\\Users\\affanabdillah\\IdeaProjects\\Project Hacktiv8\\phase3\\week3\\Hacklingo-backend\\config\\connectToMongoDB.js","statementMap":{"0":{"start":{"line":3,"column":0},"end":{"line":3,"column":40}},"1":{"start":{"line":3,"column":22},"end":{"line":3,"column":38}},"2":{"start":{"line":8,"column":2},"end":{"line":15,"column":3}},"3":{"start":{"line":9,"column":4},"end":{"line":10,"column":31}},"4":{"start":{"line":11,"column":9},"end":{"line":15,"column":3}},"5":{"start":{"line":12,"column":4},"end":{"line":12,"column":54}},"6":{"start":{"line":14,"column":4},"end":{"line":14,"column":50}},"7":{"start":{"line":17,"column":2},"end":{"line":17,"column":42}},"8":{"start":{"line":19,"column":2},"end":{"line":19,"column":30}}},"fnMap":{"0":{"name":"(anonymous_0)","decl":{"start":{"line":3,"column":13},"end":{"line":3,"column":14}},"loc":{"start":{"line":3,"column":22},"end":{"line":3,"column":38}},"line":3},"1":{"name":"main","decl":{"start":{"line":5,"column":15},"end":{"line":5,"column":19}},"loc":{"start":{"line":5,"column":22},"end":{"line":20,"column":1}},"line":5}},"branchMap":{"0":{"loc":{"start":{"line":8,"column":2},"end":{"line":15,"column":3}},"type":"if","locations":[{"start":{"line":8,"column":2},"end":{"line":15,"column":3}},{"start":{"line":11,"column":9},"end":{"line":15,"column":3}}],"line":8},"1":{"loc":{"start":{"line":11,"column":9},"end":{"line":15,"column":3}},"type":"if","locations":[{"start":{"line":11,"column":9},"end":{"line":15,"column":3}},{"start":{"line":13,"column":9},"end":{"line":15,"column":3}}],"line":11}},"s":{"0":1,"1":0,"2":1,"3":0,"4":1,"5":1,"6":0,"7":1,"8":1},"f":{"0":0,"1":1},"b":{"0":[0,1],"1":[1,0]},"inputSourceMap":null,"_coverageSchema":"1a1c01bbd47fc00a2c39e90264f33305004495a9","hash":"28d75162af2712f6005386aec533b8081d36c699"}
,"C:\\Users\\affanabdillah\\IdeaProjects\\Project Hacktiv8\\phase3\\week3\\Hacklingo-backend\\controllers\\articleController.js": {"path":"C:\\Users\\affanabdillah\\IdeaProjects\\Project Hacktiv8\\phase3\\week3\\Hacklingo-backend\\controllers\\articleController.js","statementMap":{"0":{"start":{"line":6,"column":4},"end":{"line":17,"column":5}},"1":{"start":{"line":7,"column":6},"end":{"line":9,"column":7}},"2":{"start":{"line":8,"column":8},"end":{"line":8,"column":35}},"3":{"start":{"line":10,"column":22},"end":{"line":10,"column":59}},"4":{"start":{"line":11,"column":6},"end":{"line":13,"column":7}},"5":{"start":{"line":12,"column":8},"end":{"line":12,"column":35}},"6":{"start":{"line":14,"column":6},"end":{"line":14,"column":36}},"7":{"start":{"line":16,"column":6},"end":{"line":16,"column":16}},"8":{"start":{"line":21,"column":4},"end":{"line":30,"column":5}},"9":{"start":{"line":22,"column":20},"end":{"line":22,"column":53}},"10":{"start":{"line":23,"column":23},"end":{"line":26,"column":7}},"11":{"start":{"line":27,"column":6},"end":{"line":27,"column":37}},"12":{"start":{"line":29,"column":6},"end":{"line":29,"column":16}},"13":{"start":{"line":34,"column":4},"end":{"line":43,"column":5}},"14":{"start":{"line":35,"column":25},"end":{"line":35,"column":73}},"15":{"start":{"line":36,"column":19},"end":{"line":36,"column":50}},"16":{"start":{"line":37,"column":6},"end":{"line":37,"column":30}},"17":{"start":{"line":38,"column":6},"end":{"line":38,"column":41}},"18":{"start":{"line":39,"column":6},"end":{"line":39,"column":53}},"19":{"start":{"line":40,"column":6},"end":{"line":40,"column":39}},"20":{"start":{"line":42,"column":6},"end":{"line":42,"column":16}}},"fnMap":{"0":{"name":"(anonymous_0)","decl":{"start":{"line":5,"column":2},"end":{"line":5,"column":3}},"loc":{"start":{"line":5,"column":47},"end":{"line":18,"column":3}},"line":5},"1":{"name":"(anonymous_1)","decl":{"start":{"line":20,"column":2},"end":{"line":20,"column":3}},"loc":{"start":{"line":20,"column":51},"end":{"line":31,"column":3}},"line":20},"2":{"name":"(anonymous_2)","decl":{"start":{"line":33,"column":2},"end":{"line":33,"column":3}},"loc":{"start":{"line":33,"column":48},"end":{"line":44,"column":3}},"line":33}},"branchMap":{"0":{"loc":{"start":{"line":7,"column":6},"end":{"line":9,"column":7}},"type":"if","locations":[{"start":{"line":7,"column":6},"end":{"line":9,"column":7}},{"start":{},"end":{}}],"line":7},"1":{"loc":{"start":{"line":11,"column":6},"end":{"line":13,"column":7}},"type":"if","locations":[{"start":{"line":11,"column":6},"end":{"line":13,"column":7}},{"start":{},"end":{}}],"line":11}},"s":{"0":3,"1":3,"2":1,"3":2,"4":2,"5":1,"6":1,"7":2,"8":2,"9":2,"10":2,"11":2,"12":0,"13":3,"14":3,"15":3,"16":3,"17":1,"18":1,"19":1,"20":2},"f":{"0":3,"1":2,"2":3},"b":{"0":[1,2],"1":[1,1]},"inputSourceMap":null,"_coverageSchema":"1a1c01bbd47fc00a2c39e90264f33305004495a9","hash":"95cd5cdb7a9445e40e49ae59fdcec728c494acbd"}
,"C:\\Users\\affanabdillah\\IdeaProjects\\Project Hacktiv8\\phase3\\week3\\Hacklingo-backend\\controllers\\commentController.js": {"path":"C:\\Users\\affanabdillah\\IdeaProjects\\Project Hacktiv8\\phase3\\week3\\Hacklingo-backend\\controllers\\commentController.js","statementMap":{"0":{"start":{"line":7,"column":4},"end":{"line":18,"column":5}},"1":{"start":{"line":8,"column":6},"end":{"line":10,"column":7}},"2":{"start":{"line":9,"column":8},"end":{"line":9,"column":35}},"3":{"start":{"line":11,"column":22},"end":{"line":11,"column":59}},"4":{"start":{"line":12,"column":6},"end":{"line":14,"column":7}},"5":{"start":{"line":13,"column":8},"end":{"line":13,"column":35}},"6":{"start":{"line":15,"column":6},"end":{"line":15,"column":36}},"7":{"start":{"line":17,"column":6},"end":{"line":17,"column":16}},"8":{"start":{"line":22,"column":4},"end":{"line":34,"column":5}},"9":{"start":{"line":23,"column":25},"end":{"line":23,"column":73}},"10":{"start":{"line":24,"column":19},"end":{"line":24,"column":50}},"11":{"start":{"line":25,"column":19},"end":{"line":25,"column":55}},"12":{"start":{"line":26,"column":6},"end":{"line":26,"column":30}},"13":{"start":{"line":27,"column":6},"end":{"line":27,"column":41}},"14":{"start":{"line":28,"column":6},"end":{"line":28,"column":41}},"15":{"start":{"line":29,"column":6},"end":{"line":29,"column":53}},"16":{"start":{"line":30,"column":6},"end":{"line":30,"column":53}},"17":{"start":{"line":31,"column":6},"end":{"line":31,"column":39}},"18":{"start":{"line":33,"column":6},"end":{"line":33,"column":16}},"19":{"start":{"line":38,"column":4},"end":{"line":50,"column":5}},"20":{"start":{"line":39,"column":29},"end":{"line":46,"column":7}},"21":{"start":{"line":47,"column":6},"end":{"line":47,"column":43}},"22":{"start":{"line":49,"column":6},"end":{"line":49,"column":16}},"23":{"start":{"line":54,"column":4},"end":{"line":61,"column":5}},"24":{"start":{"line":55,"column":22},"end":{"line":55,"column":68}},"25":{"start":{"line":56,"column":6},"end":{"line":58,"column":9}},"26":{"start":{"line":60,"column":6},"end":{"line":60,"column":16}}},"fnMap":{"0":{"name":"(anonymous_0)","decl":{"start":{"line":6,"column":2},"end":{"line":6,"column":3}},"loc":{"start":{"line":6,"column":47},"end":{"line":19,"column":3}},"line":6},"1":{"name":"(anonymous_1)","decl":{"start":{"line":21,"column":2},"end":{"line":21,"column":3}},"loc":{"start":{"line":21,"column":48},"end":{"line":35,"column":3}},"line":21},"2":{"name":"(anonymous_2)","decl":{"start":{"line":37,"column":2},"end":{"line":37,"column":3}},"loc":{"start":{"line":37,"column":49},"end":{"line":51,"column":3}},"line":37},"3":{"name":"(anonymous_3)","decl":{"start":{"line":53,"column":2},"end":{"line":53,"column":3}},"loc":{"start":{"line":53,"column":49},"end":{"line":62,"column":3}},"line":53}},"branchMap":{"0":{"loc":{"start":{"line":8,"column":6},"end":{"line":10,"column":7}},"type":"if","locations":[{"start":{"line":8,"column":6},"end":{"line":10,"column":7}},{"start":{},"end":{}}],"line":8},"1":{"loc":{"start":{"line":12,"column":6},"end":{"line":14,"column":7}},"type":"if","locations":[{"start":{"line":12,"column":6},"end":{"line":14,"column":7}},{"start":{},"end":{}}],"line":12}},"s":{"0":3,"1":3,"2":1,"3":2,"4":2,"5":1,"6":1,"7":2,"8":4,"9":4,"10":4,"11":4,"12":4,"13":1,"14":1,"15":1,"16":1,"17":1,"18":3,"19":2,"20":2,"21":1,"22":1,"23":1,"24":1,"25":1,"26":0},"f":{"0":3,"1":4,"2":2,"3":1},"b":{"0":[1,2],"1":[1,1]},"inputSourceMap":null,"_coverageSchema":"1a1c01bbd47fc00a2c39e90264f33305004495a9","hash":"2048f1c0aa70612b7d27b345696d2cd0f3ffc2d2"}
,"C:\\Users\\affanabdillah\\IdeaProjects\\Project Hacktiv8\\phase3\\week3\\Hacklingo-backend\\controllers\\forumController.js": {"path":"C:\\Users\\affanabdillah\\IdeaProjects\\Project Hacktiv8\\phase3\\week3\\Hacklingo-backend\\controllers\\forumController.js","statementMap":{"0":{"start":{"line":5,"column":4},"end":{"line":13,"column":5}},"1":{"start":{"line":6,"column":21},"end":{"line":9,"column":23}},"2":{"start":{"line":10,"column":6},"end":{"line":10,"column":35}},"3":{"start":{"line":12,"column":6},"end":{"line":12,"column":16}},"4":{"start":{"line":17,"column":4},"end":{"line":31,"column":5}},"5":{"start":{"line":18,"column":6},"end":{"line":20,"column":7}},"6":{"start":{"line":19,"column":8},"end":{"line":19,"column":35}},"7":{"start":{"line":21,"column":20},"end":{"line":24,"column":47}},"8":{"start":{"line":25,"column":6},"end":{"line":27,"column":7}},"9":{"start":{"line":26,"column":8},"end":{"line":26,"column":35}},"10":{"start":{"line":28,"column":6},"end":{"line":28,"column":34}},"11":{"start":{"line":30,"column":6},"end":{"line":30,"column":16}},"12":{"start":{"line":35,"column":4},"end":{"line":50,"column":5}},"13":{"start":{"line":36,"column":21},"end":{"line":43,"column":7}},"14":{"start":{"line":37,"column":30},"end":{"line":41,"column":9}},"15":{"start":{"line":44,"column":6},"end":{"line":47,"column":9}},"16":{"start":{"line":49,"column":6},"end":{"line":49,"column":16}},"17":{"start":{"line":54,"column":4},"end":{"line":67,"column":5}},"18":{"start":{"line":55,"column":6},"end":{"line":57,"column":7}},"19":{"start":{"line":56,"column":8},"end":{"line":56,"column":35}},"20":{"start":{"line":58,"column":22},"end":{"line":58,"column":66}},"21":{"start":{"line":59,"column":6},"end":{"line":61,"column":7}},"22":{"start":{"line":60,"column":8},"end":{"line":60,"column":35}},"23":{"start":{"line":62,"column":6},"end":{"line":64,"column":9}},"24":{"start":{"line":66,"column":6},"end":{"line":66,"column":16}}},"fnMap":{"0":{"name":"(anonymous_0)","decl":{"start":{"line":4,"column":2},"end":{"line":4,"column":3}},"loc":{"start":{"line":4,"column":45},"end":{"line":14,"column":3}},"line":4},"1":{"name":"(anonymous_1)","decl":{"start":{"line":16,"column":2},"end":{"line":16,"column":3}},"loc":{"start":{"line":16,"column":45},"end":{"line":32,"column":3}},"line":16},"2":{"name":"(anonymous_2)","decl":{"start":{"line":34,"column":2},"end":{"line":34,"column":3}},"loc":{"start":{"line":34,"column":44},"end":{"line":51,"column":3}},"line":34},"3":{"name":"(anonymous_3)","decl":{"start":{"line":37,"column":21},"end":{"line":37,"column":22}},"loc":{"start":{"line":37,"column":30},"end":{"line":41,"column":9}},"line":37},"4":{"name":"(anonymous_4)","decl":{"start":{"line":53,"column":2},"end":{"line":53,"column":3}},"loc":{"start":{"line":53,"column":47},"end":{"line":68,"column":3}},"line":53}},"branchMap":{"0":{"loc":{"start":{"line":18,"column":6},"end":{"line":20,"column":7}},"type":"if","locations":[{"start":{"line":18,"column":6},"end":{"line":20,"column":7}},{"start":{},"end":{}}],"line":18},"1":{"loc":{"start":{"line":25,"column":6},"end":{"line":27,"column":7}},"type":"if","locations":[{"start":{"line":25,"column":6},"end":{"line":27,"column":7}},{"start":{},"end":{}}],"line":25},"2":{"loc":{"start":{"line":55,"column":6},"end":{"line":57,"column":7}},"type":"if","locations":[{"start":{"line":55,"column":6},"end":{"line":57,"column":7}},{"start":{},"end":{}}],"line":55},"3":{"loc":{"start":{"line":59,"column":6},"end":{"line":61,"column":7}},"type":"if","locations":[{"start":{"line":59,"column":6},"end":{"line":61,"column":7}},{"start":{},"end":{}}],"line":59}},"s":{"0":1,"1":1,"2":1,"3":0,"4":3,"5":3,"6":1,"7":2,"8":2,"9":1,"10":1,"11":2,"12":2,"13":2,"14":14,"15":1,"16":1,"17":3,"18":3,"19":1,"20":2,"21":2,"22":1,"23":1,"24":2},"f":{"0":1,"1":3,"2":2,"3":14,"4":3},"b":{"0":[1,2],"1":[1,1],"2":[1,2],"3":[1,1]},"inputSourceMap":null,"_coverageSchema":"1a1c01bbd47fc00a2c39e90264f33305004495a9","hash":"46512b375fd7182f968a5303c26e110f21c7e490"}
,"C:\\Users\\affanabdillah\\IdeaProjects\\Project Hacktiv8\\phase3\\week3\\Hacklingo-backend\\controllers\\postController.js": {"path":"C:\\Users\\affanabdillah\\IdeaProjects\\Project Hacktiv8\\phase3\\week3\\Hacklingo-backend\\controllers\\postController.js","statementMap":{"0":{"start":{"line":7,"column":4},"end":{"line":22,"column":5}},"1":{"start":{"line":8,"column":20},"end":{"line":8,"column":53}},"2":{"start":{"line":9,"column":20},"end":{"line":18,"column":7}},"3":{"start":{"line":19,"column":6},"end":{"line":19,"column":34}},"4":{"start":{"line":21,"column":6},"end":{"line":21,"column":16}},"5":{"start":{"line":26,"column":4},"end":{"line":50,"column":5}},"6":{"start":{"line":27,"column":6},"end":{"line":29,"column":7}},"7":{"start":{"line":28,"column":8},"end":{"line":28,"column":35}},"8":{"start":{"line":30,"column":19},"end":{"line":43,"column":8}},"9":{"start":{"line":44,"column":6},"end":{"line":46,"column":7}},"10":{"start":{"line":45,"column":8},"end":{"line":45,"column":35}},"11":{"start":{"line":47,"column":6},"end":{"line":47,"column":33}},"12":{"start":{"line":49,"column":6},"end":{"line":49,"column":16}},"13":{"start":{"line":54,"column":4},"end":{"line":70,"column":5}},"14":{"start":{"line":55,"column":22},"end":{"line":59,"column":8}},"15":{"start":{"line":60,"column":19},"end":{"line":60,"column":50}},"16":{"start":{"line":61,"column":20},"end":{"line":61,"column":58}},"17":{"start":{"line":62,"column":6},"end":{"line":62,"column":27}},"18":{"start":{"line":63,"column":6},"end":{"line":63,"column":35}},"19":{"start":{"line":64,"column":6},"end":{"line":64,"column":36}},"20":{"start":{"line":65,"column":6},"end":{"line":65,"column":53}},"21":{"start":{"line":66,"column":6},"end":{"line":66,"column":54}},"22":{"start":{"line":67,"column":6},"end":{"line":67,"column":36}},"23":{"start":{"line":69,"column":6},"end":{"line":69,"column":16}},"24":{"start":{"line":74,"column":4},"end":{"line":86,"column":5}},"25":{"start":{"line":75,"column":26},"end":{"line":82,"column":7}},"26":{"start":{"line":83,"column":6},"end":{"line":83,"column":40}},"27":{"start":{"line":85,"column":6},"end":{"line":85,"column":16}},"28":{"start":{"line":90,"column":4},"end":{"line":97,"column":5}},"29":{"start":{"line":91,"column":22},"end":{"line":91,"column":65}},"30":{"start":{"line":92,"column":6},"end":{"line":94,"column":9}},"31":{"start":{"line":96,"column":6},"end":{"line":96,"column":16}}},"fnMap":{"0":{"name":"(anonymous_0)","decl":{"start":{"line":6,"column":2},"end":{"line":6,"column":3}},"loc":{"start":{"line":6,"column":49},"end":{"line":23,"column":3}},"line":6},"1":{"name":"(anonymous_1)","decl":{"start":{"line":25,"column":2},"end":{"line":25,"column":3}},"loc":{"start":{"line":25,"column":44},"end":{"line":51,"column":3}},"line":25},"2":{"name":"(anonymous_2)","decl":{"start":{"line":53,"column":2},"end":{"line":53,"column":3}},"loc":{"start":{"line":53,"column":45},"end":{"line":71,"column":3}},"line":53},"3":{"name":"(anonymous_3)","decl":{"start":{"line":73,"column":2},"end":{"line":73,"column":3}},"loc":{"start":{"line":73,"column":46},"end":{"line":87,"column":3}},"line":73},"4":{"name":"(anonymous_4)","decl":{"start":{"line":89,"column":2},"end":{"line":89,"column":3}},"loc":{"start":{"line":89,"column":46},"end":{"line":98,"column":3}},"line":89}},"branchMap":{"0":{"loc":{"start":{"line":27,"column":6},"end":{"line":29,"column":7}},"type":"if","locations":[{"start":{"line":27,"column":6},"end":{"line":29,"column":7}},{"start":{},"end":{}}],"line":27},"1":{"loc":{"start":{"line":44,"column":6},"end":{"line":46,"column":7}},"type":"if","locations":[{"start":{"line":44,"column":6},"end":{"line":46,"column":7}},{"start":{},"end":{}}],"line":44}},"s":{"0":2,"1":2,"2":2,"3":2,"4":0,"5":3,"6":3,"7":1,"8":2,"9":2,"10":1,"11":1,"12":2,"13":6,"14":6,"15":6,"16":6,"17":6,"18":2,"19":2,"20":2,"21":2,"22":2,"23":4,"24":2,"25":2,"26":1,"27":1,"28":1,"29":1,"30":1,"31":0},"f":{"0":2,"1":3,"2":6,"3":2,"4":1},"b":{"0":[1,2],"1":[1,1]},"inputSourceMap":null,"_coverageSchema":"1a1c01bbd47fc00a2c39e90264f33305004495a9","hash":"7b216776f9ba02cd4d0790869aa940d653f6d586"}
,"C:\\Users\\affanabdillah\\IdeaProjects\\Project Hacktiv8\\phase3\\week3\\Hacklingo-backend\\controllers\\userController.js": {"path":"C:\\Users\\affanabdillah\\IdeaProjects\\Project Hacktiv8\\phase3\\week3\\Hacklingo-backend\\controllers\\userController.js","statementMap":{"0":{"start":{"line":6,"column":4},"end":{"line":27,"column":5}},"1":{"start":{"line":7,"column":28},"end":{"line":7,"column":52}},"2":{"start":{"line":8,"column":20},"end":{"line":23,"column":7}},"3":{"start":{"line":24,"column":6},"end":{"line":24,"column":34}},"4":{"start":{"line":26,"column":6},"end":{"line":26,"column":16}},"5":{"start":{"line":31,"column":4},"end":{"line":48,"column":5}},"6":{"start":{"line":32,"column":26},"end":{"line":32,"column":59}},"7":{"start":{"line":33,"column":20},"end":{"line":44,"column":31}},"8":{"start":{"line":45,"column":6},"end":{"line":45,"column":34}},"9":{"start":{"line":47,"column":6},"end":{"line":47,"column":16}},"10":{"start":{"line":52,"column":4},"end":{"line":67,"column":5}},"11":{"start":{"line":53,"column":6},"end":{"line":55,"column":7}},"12":{"start":{"line":54,"column":8},"end":{"line":54,"column":35}},"13":{"start":{"line":56,"column":19},"end":{"line":60,"column":8}},"14":{"start":{"line":61,"column":6},"end":{"line":63,"column":7}},"15":{"start":{"line":62,"column":8},"end":{"line":62,"column":35}},"16":{"start":{"line":64,"column":6},"end":{"line":64,"column":33}},"17":{"start":{"line":66,"column":6},"end":{"line":66,"column":16}},"18":{"start":{"line":71,"column":4},"end":{"line":89,"column":5}},"19":{"start":{"line":72,"column":19},"end":{"line":82,"column":7}},"20":{"start":{"line":83,"column":6},"end":{"line":85,"column":7}},"21":{"start":{"line":84,"column":8},"end":{"line":84,"column":35}},"22":{"start":{"line":86,"column":6},"end":{"line":86,"column":33}},"23":{"start":{"line":88,"column":6},"end":{"line":88,"column":16}},"24":{"start":{"line":93,"column":4},"end":{"line":109,"column":5}},"25":{"start":{"line":94,"column":25},"end":{"line":94,"column":41}},"26":{"start":{"line":95,"column":20},"end":{"line":105,"column":7}},"27":{"start":{"line":106,"column":6},"end":{"line":106,"column":34}},"28":{"start":{"line":108,"column":6},"end":{"line":108,"column":16}},"29":{"start":{"line":113,"column":4},"end":{"line":125,"column":5}},"30":{"start":{"line":114,"column":27},"end":{"line":114,"column":50}},"31":{"start":{"line":115,"column":6},"end":{"line":115,"column":50}},"32":{"start":{"line":116,"column":22},"end":{"line":120,"column":8}},"33":{"start":{"line":121,"column":6},"end":{"line":121,"column":27}},"34":{"start":{"line":122,"column":6},"end":{"line":122,"column":36}},"35":{"start":{"line":124,"column":6},"end":{"line":124,"column":16}},"36":{"start":{"line":129,"column":4},"end":{"line":133,"column":5}},"37":{"start":{"line":130,"column":6},"end":{"line":130,"column":59}},"38":{"start":{"line":132,"column":6},"end":{"line":132,"column":16}},"39":{"start":{"line":137,"column":4},"end":{"line":168,"column":5}},"40":{"start":{"line":138,"column":47},"end":{"line":138,"column":55}},"41":{"start":{"line":139,"column":6},"end":{"line":141,"column":7}},"42":{"start":{"line":140,"column":8},"end":{"line":140,"column":39}},"43":{"start":{"line":142,"column":19},"end":{"line":157,"column":7}},"44":{"start":{"line":158,"column":6},"end":{"line":160,"column":7}},"45":{"start":{"line":159,"column":8},"end":{"line":159,"column":39}},"46":{"start":{"line":161,"column":30},"end":{"line":161,"column":68}},"47":{"start":{"line":162,"column":6},"end":{"line":164,"column":7}},"48":{"start":{"line":163,"column":8},"end":{"line":163,"column":39}},"49":{"start":{"line":165,"column":6},"end":{"line":165,"column":33}},"50":{"start":{"line":167,"column":6},"end":{"line":167,"column":16}},"51":{"start":{"line":172,"column":4},"end":{"line":196,"column":5}},"52":{"start":{"line":173,"column":19},"end":{"line":189,"column":7}},"53":{"start":{"line":190,"column":6},"end":{"line":192,"column":7}},"54":{"start":{"line":191,"column":8},"end":{"line":191,"column":35}},"55":{"start":{"line":193,"column":6},"end":{"line":193,"column":33}},"56":{"start":{"line":195,"column":6},"end":{"line":195,"column":16}},"57":{"start":{"line":200,"column":4},"end":{"line":221,"column":5}},"58":{"start":{"line":201,"column":26},"end":{"line":217,"column":7}},"59":{"start":{"line":218,"column":6},"end":{"line":218,"column":40}},"60":{"start":{"line":220,"column":6},"end":{"line":220,"column":16}},"61":{"start":{"line":225,"column":4},"end":{"line":232,"column":5}},"62":{"start":{"line":226,"column":22},"end":{"line":226,"column":65}},"63":{"start":{"line":227,"column":6},"end":{"line":229,"column":9}},"64":{"start":{"line":231,"column":6},"end":{"line":231,"column":16}}},"fnMap":{"0":{"name":"(anonymous_0)","decl":{"start":{"line":5,"column":2},"end":{"line":5,"column":3}},"loc":{"start":{"line":5,"column":60},"end":{"line":28,"column":3}},"line":5},"1":{"name":"(anonymous_1)","decl":{"start":{"line":30,"column":2},"end":{"line":30,"column":3}},"loc":{"start":{"line":30,"column":52},"end":{"line":49,"column":3}},"line":30},"2":{"name":"(anonymous_2)","decl":{"start":{"line":51,"column":2},"end":{"line":51,"column":3}},"loc":{"start":{"line":51,"column":44},"end":{"line":68,"column":3}},"line":51},"3":{"name":"(anonymous_3)","decl":{"start":{"line":70,"column":2},"end":{"line":70,"column":3}},"loc":{"start":{"line":70,"column":52},"end":{"line":90,"column":3}},"line":70},"4":{"name":"(anonymous_4)","decl":{"start":{"line":92,"column":2},"end":{"line":92,"column":3}},"loc":{"start":{"line":92,"column":53},"end":{"line":110,"column":3}},"line":92},"5":{"name":"(anonymous_5)","decl":{"start":{"line":112,"column":2},"end":{"line":112,"column":3}},"loc":{"start":{"line":112,"column":45},"end":{"line":126,"column":3}},"line":112},"6":{"name":"(anonymous_6)","decl":{"start":{"line":128,"column":2},"end":{"line":128,"column":3}},"loc":{"start":{"line":128,"column":47},"end":{"line":134,"column":3}},"line":128},"7":{"name":"(anonymous_7)","decl":{"start":{"line":136,"column":2},"end":{"line":136,"column":3}},"loc":{"start":{"line":136,"column":37},"end":{"line":169,"column":3}},"line":136},"8":{"name":"(anonymous_8)","decl":{"start":{"line":171,"column":2},"end":{"line":171,"column":3}},"loc":{"start":{"line":171,"column":38},"end":{"line":197,"column":3}},"line":171},"9":{"name":"(anonymous_9)","decl":{"start":{"line":199,"column":2},"end":{"line":199,"column":3}},"loc":{"start":{"line":199,"column":46},"end":{"line":222,"column":3}},"line":199},"10":{"name":"(anonymous_10)","decl":{"start":{"line":224,"column":2},"end":{"line":224,"column":3}},"loc":{"start":{"line":224,"column":46},"end":{"line":233,"column":3}},"line":224}},"branchMap":{"0":{"loc":{"start":{"line":53,"column":6},"end":{"line":55,"column":7}},"type":"if","locations":[{"start":{"line":53,"column":6},"end":{"line":55,"column":7}},{"start":{},"end":{}}],"line":53},"1":{"loc":{"start":{"line":61,"column":6},"end":{"line":63,"column":7}},"type":"if","locations":[{"start":{"line":61,"column":6},"end":{"line":63,"column":7}},{"start":{},"end":{}}],"line":61},"2":{"loc":{"start":{"line":83,"column":6},"end":{"line":85,"column":7}},"type":"if","locations":[{"start":{"line":83,"column":6},"end":{"line":85,"column":7}},{"start":{},"end":{}}],"line":83},"3":{"loc":{"start":{"line":139,"column":6},"end":{"line":141,"column":7}},"type":"if","locations":[{"start":{"line":139,"column":6},"end":{"line":141,"column":7}},{"start":{},"end":{}}],"line":139},"4":{"loc":{"start":{"line":139,"column":10},"end":{"line":139,"column":29}},"type":"binary-expr","locations":[{"start":{"line":139,"column":10},"end":{"line":139,"column":16}},{"start":{"line":139,"column":20},"end":{"line":139,"column":29}}],"line":139},"5":{"loc":{"start":{"line":158,"column":6},"end":{"line":160,"column":7}},"type":"if","locations":[{"start":{"line":158,"column":6},"end":{"line":160,"column":7}},{"start":{},"end":{}}],"line":158},"6":{"loc":{"start":{"line":162,"column":6},"end":{"line":164,"column":7}},"type":"if","locations":[{"start":{"line":162,"column":6},"end":{"line":164,"column":7}},{"start":{},"end":{}}],"line":162},"7":{"loc":{"start":{"line":190,"column":6},"end":{"line":192,"column":7}},"type":"if","locations":[{"start":{"line":190,"column":6},"end":{"line":192,"column":7}},{"start":{},"end":{}}],"line":190}},"s":{"0":2,"1":2,"2":2,"3":2,"4":0,"5":1,"6":1,"7":1,"8":1,"9":0,"10":3,"11":3,"12":1,"13":2,"14":2,"15":1,"16":1,"17":2,"18":0,"19":0,"20":0,"21":0,"22":0,"23":0,"24":0,"25":0,"26":0,"27":0,"28":0,"29":15,"30":15,"31":15,"32":15,"33":15,"34":2,"35":13,"36":0,"37":0,"38":0,"39":5,"40":5,"41":5,"42":2,"43":3,"44":3,"45":2,"46":1,"47":1,"48":0,"49":1,"50":4,"51":0,"52":0,"53":0,"54":0,"55":0,"56":0,"57":6,"58":6,"59":1,"60":5,"61":1,"62":1,"63":1,"64":0},"f":{"0":2,"1":1,"2":3,"3":0,"4":0,"5":15,"6":0,"7":5,"8":0,"9":6,"10":1},"b":{"0":[1,2],"1":[1,1],"2":[0,0],"3":[2,3],"4":[5,4],"5":[2,1],"6":[0,1],"7":[0,0]},"inputSourceMap":null,"_coverageSchema":"1a1c01bbd47fc00a2c39e90264f33305004495a9","hash":"f7574bf7efa57f3e998a9df520595880483a7f05"}
,"C:\\Users\\affanabdillah\\IdeaProjects\\Project Hacktiv8\\phase3\\week3\\Hacklingo-backend\\helpers\\bcrypt.js": {"path":"C:\\Users\\affanabdillah\\IdeaProjects\\Project Hacktiv8\\phase3\\week3\\Hacklingo-backend\\helpers\\bcrypt.js","statementMap":{"0":{"start":{"line":4,"column":2},"end":{"line":4,"column":36}},"1":{"start":{"line":8,"column":2},"end":{"line":8,"column":41}}},"fnMap":{"0":{"name":"hashPassword","decl":{"start":{"line":3,"column":9},"end":{"line":3,"column":21}},"loc":{"start":{"line":3,"column":29},"end":{"line":5,"column":1}},"line":3},"1":{"name":"checkPassword","decl":{"start":{"line":7,"column":9},"end":{"line":7,"column":22}},"loc":{"start":{"line":7,"column":36},"end":{"line":9,"column":1}},"line":7}},"branchMap":{},"s":{"0":6,"1":1},"f":{"0":6,"1":1},"b":{},"inputSourceMap":null,"_coverageSchema":"1a1c01bbd47fc00a2c39e90264f33305004495a9","hash":"4a1cb6e63c2ffc2c4f2e2cd1f577d651b10b6af2"}
,"C:\\Users\\affanabdillah\\IdeaProjects\\Project Hacktiv8\\phase3\\week3\\Hacklingo-backend\\helpers\\upload-image.js": {"path":"C:\\Users\\affanabdillah\\IdeaProjects\\Project Hacktiv8\\phase3\\week3\\Hacklingo-backend\\helpers\\upload-image.js","statementMap":{"0":{"start":{"line":2,"column":15},"end":{"line":2,"column":44}},"1":{"start":{"line":13,"column":19},"end":{"line":29,"column":4}},"2":{"start":{"line":14,"column":2},"end":{"line":29,"column":4}},"3":{"start":{"line":15,"column":37},"end":{"line":15,"column":41}},"4":{"start":{"line":16,"column":17},"end":{"line":16,"column":61}},"5":{"start":{"line":17,"column":23},"end":{"line":19,"column":6}},"6":{"start":{"line":20,"column":4},"end":{"line":28,"column":19}},"7":{"start":{"line":22,"column":26},"end":{"line":22,"column":86}},"8":{"start":{"line":23,"column":8},"end":{"line":23,"column":27}},"9":{"start":{"line":26,"column":8},"end":{"line":26,"column":20}}},"fnMap":{"0":{"name":"(anonymous_0)","decl":{"start":{"line":13,"column":19},"end":{"line":13,"column":20}},"loc":{"start":{"line":14,"column":2},"end":{"line":29,"column":4}},"line":14},"1":{"name":"(anonymous_1)","decl":{"start":{"line":14,"column":14},"end":{"line":14,"column":15}},"loc":{"start":{"line":14,"column":35},"end":{"line":29,"column":3}},"line":14},"2":{"name":"(anonymous_2)","decl":{"start":{"line":21,"column":20},"end":{"line":21,"column":21}},"loc":{"start":{"line":21,"column":26},"end":{"line":24,"column":7}},"line":21},"3":{"name":"(anonymous_3)","decl":{"start":{"line":25,"column":19},"end":{"line":25,"column":20}},"loc":{"start":{"line":25,"column":28},"end":{"line":27,"column":7}},"line":25}},"branchMap":{},"s":{"0":1,"1":1,"2":3,"3":3,"4":3,"5":3,"6":3,"7":3,"8":3,"9":0},"f":{"0":3,"1":3,"2":3,"3":0},"b":{},"inputSourceMap":null,"_coverageSchema":"1a1c01bbd47fc00a2c39e90264f33305004495a9","hash":"ea64a6ff190e163584f3f612b8dcecb61fbcfac9"}
,"C:\\Users\\affanabdillah\\IdeaProjects\\Project Hacktiv8\\phase3\\week3\\Hacklingo-backend\\middlewares\\authorizations.js": {"path":"C:\\Users\\affanabdillah\\IdeaProjects\\Project Hacktiv8\\phase3\\week3\\Hacklingo-backend\\middlewares\\authorizations.js","statementMap":{"0":{"start":{"line":6,"column":2},"end":{"line":25,"column":3}},"1":{"start":{"line":9,"column":19},"end":{"line":9,"column":29}},"2":{"start":{"line":10,"column":4},"end":{"line":12,"column":5}},"3":{"start":{"line":11,"column":6},"end":{"line":11,"column":33}},"4":{"start":{"line":13,"column":17},"end":{"line":13,"column":51}},"5":{"start":{"line":15,"column":4},"end":{"line":17,"column":5}},"6":{"start":{"line":16,"column":6},"end":{"line":16,"column":33}},"7":{"start":{"line":19,"column":4},"end":{"line":21,"column":5}},"8":{"start":{"line":20,"column":6},"end":{"line":20,"column":34}},"9":{"start":{"line":22,"column":4},"end":{"line":22,"column":11}},"10":{"start":{"line":24,"column":4},"end":{"line":24,"column":14}},"11":{"start":{"line":29,"column":2},"end":{"line":48,"column":3}},"12":{"start":{"line":32,"column":19},"end":{"line":32,"column":29}},"13":{"start":{"line":33,"column":4},"end":{"line":35,"column":5}},"14":{"start":{"line":34,"column":6},"end":{"line":34,"column":33}},"15":{"start":{"line":36,"column":17},"end":{"line":36,"column":51}},"16":{"start":{"line":38,"column":4},"end":{"line":40,"column":5}},"17":{"start":{"line":39,"column":6},"end":{"line":39,"column":33}},"18":{"start":{"line":42,"column":4},"end":{"line":44,"column":5}},"19":{"start":{"line":43,"column":6},"end":{"line":43,"column":34}},"20":{"start":{"line":45,"column":4},"end":{"line":45,"column":11}},"21":{"start":{"line":47,"column":4},"end":{"line":47,"column":14}},"22":{"start":{"line":52,"column":2},"end":{"line":71,"column":3}},"23":{"start":{"line":55,"column":19},"end":{"line":55,"column":29}},"24":{"start":{"line":56,"column":4},"end":{"line":58,"column":5}},"25":{"start":{"line":57,"column":6},"end":{"line":57,"column":33}},"26":{"start":{"line":59,"column":20},"end":{"line":59,"column":57}},"27":{"start":{"line":61,"column":4},"end":{"line":63,"column":5}},"28":{"start":{"line":62,"column":6},"end":{"line":62,"column":33}},"29":{"start":{"line":65,"column":4},"end":{"line":67,"column":5}},"30":{"start":{"line":66,"column":6},"end":{"line":66,"column":34}},"31":{"start":{"line":68,"column":4},"end":{"line":68,"column":11}},"32":{"start":{"line":70,"column":4},"end":{"line":70,"column":14}}},"fnMap":{"0":{"name":"userAuthorization","decl":{"start":{"line":5,"column":15},"end":{"line":5,"column":32}},"loc":{"start":{"line":5,"column":49},"end":{"line":26,"column":1}},"line":5},"1":{"name":"postAuthorization","decl":{"start":{"line":28,"column":15},"end":{"line":28,"column":32}},"loc":{"start":{"line":28,"column":49},"end":{"line":49,"column":1}},"line":28},"2":{"name":"commentAuthorization","decl":{"start":{"line":51,"column":15},"end":{"line":51,"column":35}},"loc":{"start":{"line":51,"column":52},"end":{"line":72,"column":1}},"line":51}},"branchMap":{"0":{"loc":{"start":{"line":10,"column":4},"end":{"line":12,"column":5}},"type":"if","locations":[{"start":{"line":10,"column":4},"end":{"line":12,"column":5}},{"start":{},"end":{}}],"line":10},"1":{"loc":{"start":{"line":15,"column":4},"end":{"line":17,"column":5}},"type":"if","locations":[{"start":{"line":15,"column":4},"end":{"line":17,"column":5}},{"start":{},"end":{}}],"line":15},"2":{"loc":{"start":{"line":19,"column":4},"end":{"line":21,"column":5}},"type":"if","locations":[{"start":{"line":19,"column":4},"end":{"line":21,"column":5}},{"start":{},"end":{}}],"line":19},"3":{"loc":{"start":{"line":33,"column":4},"end":{"line":35,"column":5}},"type":"if","locations":[{"start":{"line":33,"column":4},"end":{"line":35,"column":5}},{"start":{},"end":{}}],"line":33},"4":{"loc":{"start":{"line":38,"column":4},"end":{"line":40,"column":5}},"type":"if","locations":[{"start":{"line":38,"column":4},"end":{"line":40,"column":5}},{"start":{},"end":{}}],"line":38},"5":{"loc":{"start":{"line":42,"column":4},"end":{"line":44,"column":5}},"type":"if","locations":[{"start":{"line":42,"column":4},"end":{"line":44,"column":5}},{"start":{},"end":{}}],"line":42},"6":{"loc":{"start":{"line":56,"column":4},"end":{"line":58,"column":5}},"type":"if","locations":[{"start":{"line":56,"column":4},"end":{"line":58,"column":5}},{"start":{},"end":{}}],"line":56},"7":{"loc":{"start":{"line":61,"column":4},"end":{"line":63,"column":5}},"type":"if","locations":[{"start":{"line":61,"column":4},"end":{"line":63,"column":5}},{"start":{},"end":{}}],"line":61},"8":{"loc":{"start":{"line":65,"column":4},"end":{"line":67,"column":5}},"type":"if","locations":[{"start":{"line":65,"column":4},"end":{"line":67,"column":5}},{"start":{},"end":{}}],"line":65}},"s":{"0":12,"1":12,"2":12,"3":1,"4":11,"5":11,"6":1,"7":10,"8":1,"9":9,"10":3,"11":5,"12":5,"13":5,"14":1,"15":4,"16":4,"17":0,"18":4,"19":1,"20":3,"21":2,"22":5,"23":5,"24":5,"25":1,"26":4,"27":4,"28":1,"29":3,"30":0,"31":3,"32":2},"f":{"0":12,"1":5,"2":5},"b":{"0":[1,11],"1":[1,10],"2":[1,9],"3":[1,4],"4":[0,4],"5":[1,3],"6":[1,4],"7":[1,3],"8":[0,3]},"inputSourceMap":null,"_coverageSchema":"1a1c01bbd47fc00a2c39e90264f33305004495a9","hash":"d3b3718fff52782136e2f3605c5594098dc98a29"}
,"C:\\Users\\affanabdillah\\IdeaProjects\\Project Hacktiv8\\phase3\\week3\\Hacklingo-backend\\middlewares\\errorHandler.js": {"path":"C:\\Users\\affanabdillah\\IdeaProjects\\Project Hacktiv8\\phase3\\week3\\Hacklingo-backend\\middlewares\\errorHandler.js","statementMap":{"0":{"start":{"line":3,"column":2},"end":{"line":44,"column":3}},"1":{"start":{"line":4,"column":4},"end":{"line":6,"column":6}},"2":{"start":{"line":7,"column":9},"end":{"line":44,"column":3}},"3":{"start":{"line":8,"column":4},"end":{"line":10,"column":6}},"4":{"start":{"line":11,"column":9},"end":{"line":44,"column":3}},"5":{"start":{"line":12,"column":4},"end":{"line":14,"column":6}},"6":{"start":{"line":15,"column":9},"end":{"line":44,"column":3}},"7":{"start":{"line":16,"column":4},"end":{"line":18,"column":6}},"8":{"start":{"line":19,"column":9},"end":{"line":44,"column":3}},"9":{"start":{"line":20,"column":4},"end":{"line":22,"column":6}},"10":{"start":{"line":23,"column":9},"end":{"line":44,"column":3}},"11":{"start":{"line":24,"column":4},"end":{"line":26,"column":6}},"12":{"start":{"line":27,"column":9},"end":{"line":44,"column":3}},"13":{"start":{"line":28,"column":4},"end":{"line":30,"column":6}},"14":{"start":{"line":31,"column":9},"end":{"line":44,"column":3}},"15":{"start":{"line":32,"column":4},"end":{"line":34,"column":6}},"16":{"start":{"line":35,"column":9},"end":{"line":44,"column":3}},"17":{"start":{"line":36,"column":4},"end":{"line":38,"column":6}},"18":{"start":{"line":40,"column":4},"end":{"line":40,"column":21}},"19":{"start":{"line":41,"column":4},"end":{"line":43,"column":6}}},"fnMap":{"0":{"name":"errorHandler","decl":{"start":{"line":2,"column":9},"end":{"line":2,"column":21}},"loc":{"start":{"line":2,"column":43},"end":{"line":45,"column":1}},"line":2}},"branchMap":{"0":{"loc":{"start":{"line":3,"column":2},"end":{"line":44,"column":3}},"type":"if","locations":[{"start":{"line":3,"column":2},"end":{"line":44,"column":3}},{"start":{"line":7,"column":9},"end":{"line":44,"column":3}}],"line":3},"1":{"loc":{"start":{"line":7,"column":9},"end":{"line":44,"column":3}},"type":"if","locations":[{"start":{"line":7,"column":9},"end":{"line":44,"column":3}},{"start":{"line":11,"column":9},"end":{"line":44,"column":3}}],"line":7},"2":{"loc":{"start":{"line":11,"column":9},"end":{"line":44,"column":3}},"type":"if","locations":[{"start":{"line":11,"column":9},"end":{"line":44,"column":3}},{"start":{"line":15,"column":9},"end":{"line":44,"column":3}}],"line":11},"3":{"loc":{"start":{"line":15,"column":9},"end":{"line":44,"column":3}},"type":"if","locations":[{"start":{"line":15,"column":9},"end":{"line":44,"column":3}},{"start":{"line":19,"column":9},"end":{"line":44,"column":3}}],"line":15},"4":{"loc":{"start":{"line":19,"column":9},"end":{"line":44,"column":3}},"type":"if","locations":[{"start":{"line":19,"column":9},"end":{"line":44,"column":3}},{"start":{"line":23,"column":9},"end":{"line":44,"column":3}}],"line":19},"5":{"loc":{"start":{"line":23,"column":9},"end":{"line":44,"column":3}},"type":"if","locations":[{"start":{"line":23,"column":9},"end":{"line":44,"column":3}},{"start":{"line":27,"column":9},"end":{"line":44,"column":3}}],"line":23},"6":{"loc":{"start":{"line":27,"column":9},"end":{"line":44,"column":3}},"type":"if","locations":[{"start":{"line":27,"column":9},"end":{"line":44,"column":3}},{"start":{"line":31,"column":9},"end":{"line":44,"column":3}}],"line":27},"7":{"loc":{"start":{"line":31,"column":9},"end":{"line":44,"column":3}},"type":"if","locations":[{"start":{"line":31,"column":9},"end":{"line":44,"column":3}},{"start":{"line":35,"column":9},"end":{"line":44,"column":3}}],"line":31},"8":{"loc":{"start":{"line":35,"column":9},"end":{"line":44,"column":3}},"type":"if","locations":[{"start":{"line":35,"column":9},"end":{"line":44,"column":3}},{"start":{"line":39,"column":9},"end":{"line":44,"column":3}}],"line":35}},"s":{"0":62,"1":17,"2":45,"3":28,"4":17,"5":2,"6":15,"7":5,"8":10,"9":1,"10":9,"11":1,"12":8,"13":3,"14":5,"15":1,"16":4,"17":4,"18":0,"19":0},"f":{"0":62},"b":{"0":[17,45],"1":[28,17],"2":[2,15],"3":[5,10],"4":[1,9],"5":[1,8],"6":[3,5],"7":[1,4],"8":[4,0]},"inputSourceMap":null,"_coverageSchema":"1a1c01bbd47fc00a2c39e90264f33305004495a9","hash":"ad328fa3098e52fc623b0da8106b232cbe715e77"}
,"C:\\Users\\affanabdillah\\IdeaProjects\\Project Hacktiv8\\phase3\\week3\\Hacklingo-backend\\middlewares\\uploadMiddleware.js": {"path":"C:\\Users\\affanabdillah\\IdeaProjects\\Project Hacktiv8\\phase3\\week3\\Hacklingo-backend\\middlewares\\uploadMiddleware.js","statementMap":{"0":{"start":{"line":4,"column":2},"end":{"line":25,"column":3}},"1":{"start":{"line":5,"column":4},"end":{"line":21,"column":5}},"2":{"start":{"line":6,"column":21},"end":{"line":6,"column":29}},"3":{"start":{"line":8,"column":6},"end":{"line":18,"column":7}},"4":{"start":{"line":9,"column":8},"end":{"line":11,"column":9}},"5":{"start":{"line":10,"column":10},"end":{"line":10,"column":40}},"6":{"start":{"line":12,"column":13},"end":{"line":18,"column":7}},"7":{"start":{"line":13,"column":8},"end":{"line":15,"column":9}},"8":{"start":{"line":14,"column":10},"end":{"line":14,"column":40}},"9":{"start":{"line":17,"column":8},"end":{"line":17,"column":38}},"10":{"start":{"line":19,"column":23},"end":{"line":19,"column":47}},"11":{"start":{"line":20,"column":6},"end":{"line":20,"column":30}},"12":{"start":{"line":22,"column":4},"end":{"line":22,"column":11}},"13":{"start":{"line":24,"column":4},"end":{"line":24,"column":16}}},"fnMap":{"0":{"name":"uploadMiddleware","decl":{"start":{"line":3,"column":15},"end":{"line":3,"column":31}},"loc":{"start":{"line":3,"column":48},"end":{"line":26,"column":1}},"line":3}},"branchMap":{"0":{"loc":{"start":{"line":5,"column":4},"end":{"line":21,"column":5}},"type":"if","locations":[{"start":{"line":5,"column":4},"end":{"line":21,"column":5}},{"start":{},"end":{}}],"line":5},"1":{"loc":{"start":{"line":8,"column":6},"end":{"line":18,"column":7}},"type":"if","locations":[{"start":{"line":8,"column":6},"end":{"line":18,"column":7}},{"start":{"line":12,"column":13},"end":{"line":18,"column":7}}],"line":8},"2":{"loc":{"start":{"line":9,"column":8},"end":{"line":11,"column":9}},"type":"if","locations":[{"start":{"line":9,"column":8},"end":{"line":11,"column":9}},{"start":{},"end":{}}],"line":9},"3":{"loc":{"start":{"line":12,"column":13},"end":{"line":18,"column":7}},"type":"if","locations":[{"start":{"line":12,"column":13},"end":{"line":18,"column":7}},{"start":{"line":16,"column":13},"end":{"line":18,"column":7}}],"line":12},"4":{"loc":{"start":{"line":13,"column":8},"end":{"line":15,"column":9}},"type":"if","locations":[{"start":{"line":13,"column":8},"end":{"line":15,"column":9}},{"start":{},"end":{}}],"line":13}},"s":{"0":32,"1":32,"2":6,"3":6,"4":4,"5":1,"6":2,"7":1,"8":1,"9":1,"10":3,"11":3,"12":29,"13":3},"f":{"0":32},"b":{"0":[6,26],"1":[4,2],"2":[1,3],"3":[1,1],"4":[1,0]},"inputSourceMap":null,"_coverageSchema":"1a1c01bbd47fc00a2c39e90264f33305004495a9","hash":"2a6d77931fadea6696f5f8de6d3bce7b995c2b0b"}
,"C:\\Users\\affanabdillah\\IdeaProjects\\Project Hacktiv8\\phase3\\week3\\Hacklingo-backend\\middlewares\\userAuthentication.js": {"path":"C:\\Users\\affanabdillah\\IdeaProjects\\Project Hacktiv8\\phase3\\week3\\Hacklingo-backend\\middlewares\\userAuthentication.js","statementMap":{"0":{"start":{"line":4,"column":2},"end":{"line":22,"column":3}},"1":{"start":{"line":7,"column":19},"end":{"line":7,"column":37}},"2":{"start":{"line":8,"column":4},"end":{"line":10,"column":5}},"3":{"start":{"line":9,"column":6},"end":{"line":9,"column":37}},"4":{"start":{"line":11,"column":4},"end":{"line":13,"column":5}},"5":{"start":{"line":12,"column":6},"end":{"line":12,"column":37}},"6":{"start":{"line":14,"column":17},"end":{"line":14,"column":44}},"7":{"start":{"line":15,"column":4},"end":{"line":17,"column":5}},"8":{"start":{"line":16,"column":6},"end":{"line":16,"column":37}},"9":{"start":{"line":18,"column":4},"end":{"line":18,"column":24}},"10":{"start":{"line":19,"column":4},"end":{"line":19,"column":11}},"11":{"start":{"line":21,"column":4},"end":{"line":21,"column":14}}},"fnMap":{"0":{"name":"userAuthentication","decl":{"start":{"line":3,"column":15},"end":{"line":3,"column":33}},"loc":{"start":{"line":3,"column":50},"end":{"line":23,"column":1}},"line":3}},"branchMap":{"0":{"loc":{"start":{"line":8,"column":4},"end":{"line":10,"column":5}},"type":"if","locations":[{"start":{"line":8,"column":4},"end":{"line":10,"column":5}},{"start":{},"end":{}}],"line":8},"1":{"loc":{"start":{"line":11,"column":4},"end":{"line":13,"column":5}},"type":"if","locations":[{"start":{"line":11,"column":4},"end":{"line":13,"column":5}},{"start":{},"end":{}}],"line":11},"2":{"loc":{"start":{"line":15,"column":4},"end":{"line":17,"column":5}},"type":"if","locations":[{"start":{"line":15,"column":4},"end":{"line":17,"column":5}},{"start":{},"end":{}}],"line":15}},"s":{"0":66,"1":66,"2":66,"3":3,"4":63,"5":1,"6":62,"7":62,"8":1,"9":61,"10":61,"11":5},"f":{"0":66},"b":{"0":[3,63],"1":[1,62],"2":[1,61]},"inputSourceMap":null,"_coverageSchema":"1a1c01bbd47fc00a2c39e90264f33305004495a9","hash":"de205e2a02250d507a1d07ad8e6837f9a85bdb09"}
,"C:\\Users\\affanabdillah\\IdeaProjects\\Project Hacktiv8\\phase3\\week3\\Hacklingo-backend\\models\\Article.js": {"path":"C:\\Users\\affanabdillah\\IdeaProjects\\Project Hacktiv8\\phase3\\week3\\Hacklingo-backend\\models\\Article.js","statementMap":{"0":{"start":{"line":2,"column":19},"end":{"line":2,"column":27}},"1":{"start":{"line":4,"column":22},"end":{"line":23,"column":1}},"2":{"start":{"line":25,"column":16},"end":{"line":25,"column":56}}},"fnMap":{},"branchMap":{},"s":{"0":1,"1":1,"2":1},"f":{},"b":{},"inputSourceMap":null,"_coverageSchema":"1a1c01bbd47fc00a2c39e90264f33305004495a9","hash":"ba01b0b0944109b94a44ec5e985a371f4eedfc1d"}
,"C:\\Users\\affanabdillah\\IdeaProjects\\Project Hacktiv8\\phase3\\week3\\Hacklingo-backend\\models\\Comment.js": {"path":"C:\\Users\\affanabdillah\\IdeaProjects\\Project Hacktiv8\\phase3\\week3\\Hacklingo-backend\\models\\Comment.js","statementMap":{"0":{"start":{"line":2,"column":19},"end":{"line":2,"column":27}},"1":{"start":{"line":4,"column":22},"end":{"line":21,"column":1}},"2":{"start":{"line":23,"column":16},"end":{"line":23,"column":56}}},"fnMap":{},"branchMap":{},"s":{"0":1,"1":1,"2":1},"f":{},"b":{},"inputSourceMap":null,"_coverageSchema":"1a1c01bbd47fc00a2c39e90264f33305004495a9","hash":"0a37854a1b100fc97474ffaf87d89d9cb2150e3f"}
,"C:\\Users\\affanabdillah\\IdeaProjects\\Project Hacktiv8\\phase3\\week3\\Hacklingo-backend\\models\\Forum.js": {"path":"C:\\Users\\affanabdillah\\IdeaProjects\\Project Hacktiv8\\phase3\\week3\\Hacklingo-backend\\models\\Forum.js","statementMap":{"0":{"start":{"line":2,"column":19},"end":{"line":2,"column":27}},"1":{"start":{"line":4,"column":20},"end":{"line":27,"column":1}},"2":{"start":{"line":29,"column":14},"end":{"line":29,"column":50}}},"fnMap":{},"branchMap":{},"s":{"0":1,"1":1,"2":1},"f":{},"b":{},"inputSourceMap":null,"_coverageSchema":"1a1c01bbd47fc00a2c39e90264f33305004495a9","hash":"3dc4bc76b96f56bf056b41b5d2acdaf697eebfa3"}
,"C:\\Users\\affanabdillah\\IdeaProjects\\Project Hacktiv8\\phase3\\week3\\Hacklingo-backend\\models\\Post.js": {"path":"C:\\Users\\affanabdillah\\IdeaProjects\\Project Hacktiv8\\phase3\\week3\\Hacklingo-backend\\models\\Post.js","statementMap":{"0":{"start":{"line":2,"column":19},"end":{"line":2,"column":27}},"1":{"start":{"line":4,"column":19},"end":{"line":40,"column":1}},"2":{"start":{"line":16,"column":10},"end":{"line":16,"column":35}},"3":{"start":{"line":42,"column":13},"end":{"line":42,"column":47}}},"fnMap":{"0":{"name":"(anonymous_0)","decl":{"start":{"line":15,"column":19},"end":{"line":15,"column":20}},"loc":{"start":{"line":15,"column":28},"end":{"line":17,"column":9}},"line":15}},"branchMap":{},"s":{"0":1,"1":1,"2":7,"3":1},"f":{"0":7},"b":{},"inputSourceMap":null,"_coverageSchema":"1a1c01bbd47fc00a2c39e90264f33305004495a9","hash":"faab392328bb485a1279a49f7126a315c592e2e0"}
,"C:\\Users\\affanabdillah\\IdeaProjects\\Project Hacktiv8\\phase3\\week3\\Hacklingo-backend\\models\\User.js": {"path":"C:\\Users\\affanabdillah\\IdeaProjects\\Project Hacktiv8\\phase3\\week3\\Hacklingo-backend\\models\\User.js","statementMap":{"0":{"start":{"line":3,"column":19},"end":{"line":3,"column":27}},"1":{"start":{"line":5,"column":19},"end":{"line":92,"column":1}},"2":{"start":{"line":94,"column":0},"end":{"line":103,"column":3}},"3":{"start":{"line":95,"column":2},"end":{"line":97,"column":3}},"4":{"start":{"line":96,"column":4},"end":{"line":96,"column":18}},"5":{"start":{"line":98,"column":2},"end":{"line":102,"column":3}},"6":{"start":{"line":99,"column":4},"end":{"line":99,"column":48}},"7":{"start":{"line":100,"column":4},"end":{"line":100,"column":11}},"8":{"start":{"line":105,"column":13},"end":{"line":105,"column":47}}},"fnMap":{"0":{"name":"(anonymous_0)","decl":{"start":{"line":94,"column":23},"end":{"line":94,"column":24}},"loc":{"start":{"line":94,"column":38},"end":{"line":103,"column":1}},"line":94}},"branchMap":{"0":{"loc":{"start":{"line":95,"column":2},"end":{"line":97,"column":3}},"type":"if","locations":[{"start":{"line":95,"column":2},"end":{"line":97,"column":3}},{"start":{},"end":{}}],"line":95}},"s":{"0":1,"1":1,"2":1,"3":10,"4":4,"5":6,"6":6,"7":6,"8":1},"f":{"0":10},"b":{"0":[4,6]},"inputSourceMap":null,"_coverageSchema":"1a1c01bbd47fc00a2c39e90264f33305004495a9","hash":"ff15706123a4bc930298de9bd27a21c76c803a4e"}
,"C:\\Users\\affanabdillah\\IdeaProjects\\Project Hacktiv8\\phase3\\week3\\Hacklingo-backend\\routes\\articleRoutes.js": {"path":"C:\\Users\\affanabdillah\\IdeaProjects\\Project Hacktiv8\\phase3\\week3\\Hacklingo-backend\\routes\\articleRoutes.js","statementMap":{"0":{"start":{"line":4,"column":22},"end":{"line":4,"column":38}},"1":{"start":{"line":6,"column":0},"end":{"line":6,"column":82}},"2":{"start":{"line":7,"column":0},"end":{"line":7,"column":81}},"3":{"start":{"line":8,"column":0},"end":{"line":8,"column":80}}},"fnMap":{},"branchMap":{},"s":{"0":1,"1":1,"2":1,"3":1},"f":{},"b":{},"inputSourceMap":null,"_coverageSchema":"1a1c01bbd47fc00a2c39e90264f33305004495a9","hash":"44dff2455cff31c622941a1ebd9dccd7e1835da1"}
,"C:\\Users\\affanabdillah\\IdeaProjects\\Project Hacktiv8\\phase3\\week3\\Hacklingo-backend\\routes\\commentRoutes.js": {"path":"C:\\Users\\affanabdillah\\IdeaProjects\\Project Hacktiv8\\phase3\\week3\\Hacklingo-backend\\routes\\commentRoutes.js","statementMap":{"0":{"start":{"line":5,"column":22},"end":{"line":5,"column":38}},"1":{"start":{"line":7,"column":0},"end":{"line":7,"column":81}},"2":{"start":{"line":8,"column":0},"end":{"line":8,"column":80}},"3":{"start":{"line":9,"column":0},"end":{"line":14,"column":2}},"4":{"start":{"line":15,"column":0},"end":{"line":20,"column":2}}},"fnMap":{},"branchMap":{},"s":{"0":1,"1":1,"2":1,"3":1,"4":1},"f":{},"b":{},"inputSourceMap":null,"_coverageSchema":"1a1c01bbd47fc00a2c39e90264f33305004495a9","hash":"67cfea83940dcbe11cc76df8fafc723281339bb1"}
,"C:\\Users\\affanabdillah\\IdeaProjects\\Project Hacktiv8\\phase3\\week3\\Hacklingo-backend\\routes\\forumRoutes.js": {"path":"C:\\Users\\affanabdillah\\IdeaProjects\\Project Hacktiv8\\phase3\\week3\\Hacklingo-backend\\routes\\forumRoutes.js","statementMap":{"0":{"start":{"line":4,"column":20},"end":{"line":4,"column":36}},"1":{"start":{"line":6,"column":0},"end":{"line":6,"column":72}},"2":{"start":{"line":7,"column":0},"end":{"line":7,"column":75}},"3":{"start":{"line":8,"column":0},"end":{"line":8,"column":80}},"4":{"start":{"line":9,"column":0},"end":{"line":9,"column":52}}},"fnMap":{},"branchMap":{},"s":{"0":1,"1":1,"2":1,"3":1,"4":1},"f":{},"b":{},"inputSourceMap":null,"_coverageSchema":"1a1c01bbd47fc00a2c39e90264f33305004495a9","hash":"36629b22b8c9ff07029f5b75824bf2a3a0bbc9ef"}
,"C:\\Users\\affanabdillah\\IdeaProjects\\Project Hacktiv8\\phase3\\week3\\Hacklingo-backend\\routes\\index.js": {"path":"C:\\Users\\affanabdillah\\IdeaProjects\\Project Hacktiv8\\phase3\\week3\\Hacklingo-backend\\routes\\index.js","statementMap":{"0":{"start":{"line":7,"column":15},"end":{"line":7,"column":31}},"1":{"start":{"line":9,"column":0},"end":{"line":9,"column":33}},"2":{"start":{"line":10,"column":0},"end":{"line":10,"column":33}},"3":{"start":{"line":11,"column":0},"end":{"line":11,"column":35}},"4":{"start":{"line":12,"column":0},"end":{"line":12,"column":39}},"5":{"start":{"line":13,"column":0},"end":{"line":13,"column":39}}},"fnMap":{},"branchMap":{},"s":{"0":1,"1":1,"2":1,"3":1,"4":1,"5":1},"f":{},"b":{},"inputSourceMap":null,"_coverageSchema":"1a1c01bbd47fc00a2c39e90264f33305004495a9","hash":"a6f58b0d7af5cc52149dfa4cf87b367f1f2a13c7"}
,"C:\\Users\\affanabdillah\\IdeaProjects\\Project Hacktiv8\\phase3\\week3\\Hacklingo-backend\\routes\\postRoutes.js": {"path":"C:\\Users\\affanabdillah\\IdeaProjects\\Project Hacktiv8\\phase3\\week3\\Hacklingo-backend\\routes\\postRoutes.js","statementMap":{"0":{"start":{"line":6,"column":19},"end":{"line":6,"column":35}},"1":{"start":{"line":8,"column":0},"end":{"line":8,"column":74}},"2":{"start":{"line":9,"column":0},"end":{"line":9,"column":72}},"3":{"start":{"line":10,"column":0},"end":{"line":15,"column":2}},"4":{"start":{"line":16,"column":0},"end":{"line":22,"column":2}},"5":{"start":{"line":23,"column":0},"end":{"line":28,"column":2}}},"fnMap":{},"branchMap":{},"s":{"0":1,"1":1,"2":1,"3":1,"4":1,"5":1},"f":{},"b":{},"inputSourceMap":null,"_coverageSchema":"1a1c01bbd47fc00a2c39e90264f33305004495a9","hash":"98c6bf4ffb0d467f09c4d6400b405bd79eb4dcdc"}
,"C:\\Users\\affanabdillah\\IdeaProjects\\Project Hacktiv8\\phase3\\week3\\Hacklingo-backend\\routes\\userRoutes.js": {"path":"C:\\Users\\affanabdillah\\IdeaProjects\\Project Hacktiv8\\phase3\\week3\\Hacklingo-backend\\routes\\userRoutes.js","statementMap":{"0":{"start":{"line":6,"column":19},"end":{"line":6,"column":35}},"1":{"start":{"line":8,"column":0},"end":{"line":12,"column":2}},"2":{"start":{"line":13,"column":0},"end":{"line":17,"column":2}},"3":{"start":{"line":18,"column":0},"end":{"line":22,"column":2}},"4":{"start":{"line":23,"column":0},"end":{"line":27,"column":2}},"5":{"start":{"line":28,"column":0},"end":{"line":32,"column":2}},"6":{"start":{"line":33,"column":0},"end":{"line":33,"column":72}},"7":{"start":{"line":34,"column":0},"end":{"line":34,"column":48}},"8":{"start":{"line":35,"column":0},"end":{"line":35,"column":100}},"9":{"start":{"line":36,"column":0},"end":{"line":36,"column":77}},"10":{"start":{"line":37,"column":0},"end":{"line":43,"column":2}},"11":{"start":{"line":44,"column":0},"end":{"line":49,"column":2}}},"fnMap":{},"branchMap":{},"s":{"0":1,"1":1,"2":1,"3":1,"4":1,"5":1,"6":1,"7":1,"8":1,"9":1,"10":1,"11":1},"f":{},"b":{},"inputSourceMap":null,"_coverageSchema":"1a1c01bbd47fc00a2c39e90264f33305004495a9","hash":"eb26fe25efa8594f9191703e017cab47a3556530"}
}
