TN:
SF:app.js
FN:22,(anonymous_0)
FNF:1
FNH:1
FNDA:1,(anonymous_0)
DA:7,1
DA:9,1
DA:17,1
DA:18,1
DA:19,1
DA:20,1
DA:22,1
DA:23,1
DA:26,1
DA:28,1
LF:10
LH:10
BRF:0
BRH:0
end_of_record
TN:
SF:config\connectToGoogleCloudStorage.js
FNF:0
FNH:0
DA:5,1
DA:6,1
DA:7,1
DA:12,1
DA:13,1
LF:5
LH:5
BRF:0
BRH:0
end_of_record
TN:
SF:config\connectToMongoDB.js
FN:3,(anonymous_0)
FN:5,main
FNF:2
FNH:1
FNDA:0,(anonymous_0)
FNDA:1,main
DA:3,1
DA:8,1
DA:9,0
DA:11,1
DA:12,1
DA:14,0
DA:17,1
DA:19,1
LF:8
LH:6
BRDA:8,0,0,0
BRDA:8,0,1,1
BRDA:11,1,0,1
BRDA:11,1,1,0
BRF:4
BRH:2
end_of_record
TN:
SF:controllers\articleController.js
FN:5,(anonymous_0)
FN:20,(anonymous_1)
FN:33,(anonymous_2)
FNF:3
FNH:3
FNDA:3,(anonymous_0)
FNDA:2,(anonymous_1)
FNDA:3,(anonymous_2)
DA:6,3
DA:7,3
DA:8,1
DA:10,2
DA:11,2
DA:12,1
DA:14,1
DA:16,2
DA:21,2
DA:22,2
DA:23,2
DA:27,2
DA:29,0
DA:34,3
DA:35,3
DA:36,3
DA:37,3
DA:38,1
DA:39,1
DA:40,1
DA:42,2
LF:21
LH:20
BRDA:7,0,0,1
BRDA:7,0,1,2
BRDA:11,1,0,1
BRDA:11,1,1,1
BRF:4
BRH:4
end_of_record
TN:
SF:controllers\commentController.js
FN:6,(anonymous_0)
FN:21,(anonymous_1)
FN:37,(anonymous_2)
FN:53,(anonymous_3)
FNF:4
FNH:4
FNDA:3,(anonymous_0)
FNDA:4,(anonymous_1)
FNDA:2,(anonymous_2)
FNDA:1,(anonymous_3)
DA:7,3
DA:8,3
DA:9,1
DA:11,2
DA:12,2
DA:13,1
DA:15,1
DA:17,2
DA:22,4
DA:23,4
DA:24,4
DA:25,4
DA:26,4
DA:27,1
DA:28,1
DA:29,1
DA:30,1
DA:31,1
DA:33,3
DA:38,2
DA:39,2
DA:47,1
DA:49,1
DA:54,1
DA:55,1
DA:56,1
DA:60,0
LF:27
LH:26
BRDA:8,0,0,1
BRDA:8,0,1,2
BRDA:12,1,0,1
BRDA:12,1,1,1
BRF:4
BRH:4
end_of_record
TN:
SF:controllers\forumController.js
FN:4,(anonymous_0)
FN:16,(anonymous_1)
FN:34,(anonymous_2)
FN:37,(anonymous_3)
FN:53,(anonymous_4)
FNF:5
FNH:5
FNDA:1,(anonymous_0)
FNDA:3,(anonymous_1)
FNDA:2,(anonymous_2)
FNDA:14,(anonymous_3)
FNDA:3,(anonymous_4)
DA:5,1
DA:6,1
DA:10,1
DA:12,0
DA:17,3
DA:18,3
DA:19,1
DA:21,2
DA:25,2
DA:26,1
DA:28,1
DA:30,2
DA:35,2
DA:36,2
DA:37,14
DA:44,1
DA:49,1
DA:54,3
DA:55,3
DA:56,1
DA:58,2
DA:59,2
DA:60,1
DA:62,1
DA:66,2
LF:25
LH:24
BRDA:18,0,0,1
BRDA:18,0,1,2
BRDA:25,1,0,1
BRDA:25,1,1,1
BRDA:55,2,0,1
BRDA:55,2,1,2
BRDA:59,3,0,1
BRDA:59,3,1,1
BRF:8
BRH:8
end_of_record
TN:
SF:controllers\postController.js
FN:6,(anonymous_0)
FN:25,(anonymous_1)
FN:53,(anonymous_2)
FN:73,(anonymous_3)
FN:89,(anonymous_4)
FNF:5
FNH:5
FNDA:2,(anonymous_0)
FNDA:3,(anonymous_1)
FNDA:6,(anonymous_2)
FNDA:2,(anonymous_3)
FNDA:1,(anonymous_4)
DA:7,2
DA:8,2
DA:9,2
DA:19,2
DA:21,0
DA:26,3
DA:27,3
DA:28,1
DA:30,2
DA:44,2
DA:45,1
DA:47,1
DA:49,2
DA:54,6
DA:55,6
DA:60,6
DA:61,6
DA:62,6
DA:63,2
DA:64,2
DA:65,2
DA:66,2
DA:67,2
DA:69,4
DA:74,2
DA:75,2
DA:83,1
DA:85,1
DA:90,1
DA:91,1
DA:92,1
DA:96,0
LF:32
LH:30
BRDA:27,0,0,1
BRDA:27,0,1,2
BRDA:44,1,0,1
BRDA:44,1,1,1
BRF:4
BRH:4
end_of_record
TN:
SF:controllers\userController.js
FN:5,(anonymous_0)
FN:30,(anonymous_1)
FN:51,(anonymous_2)
FN:70,(anonymous_3)
FN:92,(anonymous_4)
FN:112,(anonymous_5)
FN:128,(anonymous_6)
FN:136,(anonymous_7)
FN:171,(anonymous_8)
FN:199,(anonymous_9)
FN:224,(anonymous_10)
FNF:11
FNH:7
FNDA:2,(anonymous_0)
FNDA:1,(anonymous_1)
FNDA:3,(anonymous_2)
FNDA:0,(anonymous_3)
FNDA:0,(anonymous_4)
FNDA:15,(anonymous_5)
FNDA:0,(anonymous_6)
FNDA:5,(anonymous_7)
FNDA:0,(anonymous_8)
FNDA:6,(anonymous_9)
FNDA:1,(anonymous_10)
DA:6,2
DA:7,2
DA:8,2
DA:24,2
DA:26,0
DA:31,1
DA:32,1
DA:33,1
DA:45,1
DA:47,0
DA:52,3
DA:53,3
DA:54,1
DA:56,2
DA:61,2
DA:62,1
DA:64,1
DA:66,2
DA:71,0
DA:72,0
DA:83,0
DA:84,0
DA:86,0
DA:88,0
DA:93,0
DA:94,0
DA:95,0
DA:106,0
DA:108,0
DA:113,15
DA:114,15
DA:115,15
DA:116,15
DA:121,15
DA:122,2
DA:124,13
DA:129,0
DA:130,0
DA:132,0
DA:137,5
DA:138,5
DA:139,5
DA:140,2
DA:142,3
DA:158,3
DA:159,2
DA:161,1
DA:162,1
DA:163,0
DA:165,1
DA:167,4
DA:172,0
DA:173,0
DA:190,0
DA:191,0
DA:193,0
DA:195,0
DA:200,6
DA:201,6
DA:218,1
DA:220,5
DA:225,1
DA:226,1
DA:227,1
DA:231,0
LF:65
LH:41
BRDA:53,0,0,1
BRDA:53,0,1,2
BRDA:61,1,0,1
BRDA:61,1,1,1
BRDA:83,2,0,0
BRDA:83,2,1,0
BRDA:139,3,0,2
BRDA:139,3,1,3
BRDA:139,4,0,5
BRDA:139,4,1,4
BRDA:158,5,0,2
BRDA:158,5,1,1
BRDA:162,6,0,0
BRDA:162,6,1,1
BRDA:190,7,0,0
BRDA:190,7,1,0
BRF:16
BRH:11
end_of_record
TN:
SF:helpers\bcrypt.js
FN:3,hashPassword
FN:7,checkPassword
FNF:2
FNH:2
FNDA:6,hashPassword
FNDA:1,checkPassword
DA:4,6
DA:8,1
LF:2
LH:2
BRF:0
BRH:0
end_of_record
TN:
SF:helpers\upload-image.js
FN:13,(anonymous_0)
FN:14,(anonymous_1)
FN:21,(anonymous_2)
FN:25,(anonymous_3)
FNF:4
FNH:3
FNDA:3,(anonymous_0)
FNDA:3,(anonymous_1)
FNDA:3,(anonymous_2)
FNDA:0,(anonymous_3)
DA:2,1
DA:13,1
DA:14,3
DA:15,3
DA:16,3
DA:17,3
DA:20,3
DA:22,3
DA:23,3
DA:26,0
LF:10
LH:9
BRF:0
BRH:0
end_of_record
TN:
SF:middlewares\authorizations.js
FN:5,userAuthorization
FN:28,postAuthorization
FN:51,commentAuthorization
FNF:3
FNH:3
FNDA:12,userAuthorization
FNDA:5,postAuthorization
FNDA:5,commentAuthorization
DA:6,12
DA:9,12
DA:10,12
DA:11,1
DA:13,11
DA:15,11
DA:16,1
DA:19,10
DA:20,1
DA:22,9
DA:24,3
DA:29,5
DA:32,5
DA:33,5
DA:34,1
DA:36,4
DA:38,4
DA:39,0
DA:42,4
DA:43,1
DA:45,3
DA:47,2
DA:52,5
DA:55,5
DA:56,5
DA:57,1
DA:59,4
DA:61,4
DA:62,1
DA:65,3
DA:66,0
DA:68,3
DA:70,2
LF:33
LH:31
BRDA:10,0,0,1
BRDA:10,0,1,11
BRDA:15,1,0,1
BRDA:15,1,1,10
BRDA:19,2,0,1
BRDA:19,2,1,9
BRDA:33,3,0,1
BRDA:33,3,1,4
BRDA:38,4,0,0
BRDA:38,4,1,4
BRDA:42,5,0,1
BRDA:42,5,1,3
BRDA:56,6,0,1
BRDA:56,6,1,4
BRDA:61,7,0,1
BRDA:61,7,1,3
BRDA:65,8,0,0
BRDA:65,8,1,3
BRF:18
BRH:16
end_of_record
TN:
SF:middlewares\errorHandler.js
FN:2,errorHandler
FNF:1
FNH:1
FNDA:62,errorHandler
DA:3,62
DA:4,17
DA:7,45
DA:8,28
DA:11,17
DA:12,2
DA:15,15
DA:16,5
DA:19,10
DA:20,1
DA:23,9
DA:24,1
DA:27,8
DA:28,3
DA:31,5
DA:32,1
DA:35,4
DA:36,4
DA:40,0
DA:41,0
LF:20
LH:18
BRDA:3,0,0,17
BRDA:3,0,1,45
BRDA:7,1,0,28
BRDA:7,1,1,17
BRDA:11,2,0,2
BRDA:11,2,1,15
BRDA:15,3,0,5
BRDA:15,3,1,10
BRDA:19,4,0,1
BRDA:19,4,1,9
BRDA:23,5,0,1
BRDA:23,5,1,8
BRDA:27,6,0,3
BRDA:27,6,1,5
BRDA:31,7,0,1
BRDA:31,7,1,4
BRDA:35,8,0,4
BRDA:35,8,1,0
BRF:18
BRH:17
end_of_record
TN:
SF:middlewares\uploadMiddleware.js
FN:3,uploadMiddleware
FNF:1
FNH:1
FNDA:32,uploadMiddleware
DA:4,32
DA:5,32
DA:6,6
DA:8,6
DA:9,4
DA:10,1
DA:12,2
DA:13,1
DA:14,1
DA:17,1
DA:19,3
DA:20,3
DA:22,29
DA:24,3
LF:14
LH:14
BRDA:5,0,0,6
BRDA:5,0,1,26
BRDA:8,1,0,4
BRDA:8,1,1,2
BRDA:9,2,0,1
BRDA:9,2,1,3
BRDA:12,3,0,1
BRDA:12,3,1,1
BRDA:13,4,0,1
BRDA:13,4,1,0
BRF:10
BRH:9
end_of_record
TN:
SF:middlewares\userAuthentication.js
FN:3,userAuthentication
FNF:1
FNH:1
FNDA:66,userAuthentication
DA:4,66
DA:7,66
DA:8,66
DA:9,3
DA:11,63
DA:12,1
DA:14,62
DA:15,62
DA:16,1
DA:18,61
DA:19,61
DA:21,5
LF:12
LH:12
BRDA:8,0,0,3
BRDA:8,0,1,63
BRDA:11,1,0,1
BRDA:11,1,1,62
BRDA:15,2,0,1
BRDA:15,2,1,61
BRF:6
BRH:6
end_of_record
TN:
SF:models\Article.js
FNF:0
FNH:0
DA:2,1
DA:4,1
DA:25,1
LF:3
LH:3
BRF:0
BRH:0
end_of_record
TN:
SF:models\Comment.js
FNF:0
FNH:0
DA:2,1
DA:4,1
DA:23,1
LF:3
LH:3
BRF:0
BRH:0
end_of_record
TN:
SF:models\Forum.js
FNF:0
FNH:0
DA:2,1
DA:4,1
DA:29,1
LF:3
LH:3
BRF:0
BRH:0
end_of_record
TN:
SF:models\Post.js
FN:15,(anonymous_0)
FNF:1
FNH:1
FNDA:7,(anonymous_0)
DA:2,1
DA:4,1
DA:16,7
DA:42,1
LF:4
LH:4
BRF:0
BRH:0
end_of_record
TN:
SF:models\User.js
FN:94,(anonymous_0)
FNF:1
FNH:1
FNDA:10,(anonymous_0)
DA:3,1
DA:5,1
DA:94,1
DA:95,10
DA:96,4
DA:98,6
DA:99,6
DA:100,6
DA:105,1
LF:9
LH:9
BRDA:95,0,0,4
BRDA:95,0,1,6
BRF:2
BRH:2
end_of_record
TN:
SF:routes\articleRoutes.js
FNF:0
FNH:0
DA:4,1
DA:6,1
DA:7,1
DA:8,1
LF:4
LH:4
BRF:0
BRH:0
end_of_record
TN:
SF:routes\commentRoutes.js
FNF:0
FNH:0
DA:5,1
DA:7,1
DA:8,1
DA:9,1
DA:15,1
LF:5
LH:5
BRF:0
BRH:0
end_of_record
TN:
SF:routes\forumRoutes.js
FNF:0
FNH:0
DA:4,1
DA:6,1
DA:7,1
DA:8,1
DA:9,1
LF:5
LH:5
BRF:0
BRH:0
end_of_record
TN:
SF:routes\index.js
FNF:0
FNH:0
DA:7,1
DA:9,1
DA:10,1
DA:11,1
DA:12,1
DA:13,1
LF:6
LH:6
BRF:0
BRH:0
end_of_record
TN:
SF:routes\postRoutes.js
FNF:0
FNH:0
DA:6,1
DA:8,1
DA:9,1
DA:10,1
DA:16,1
DA:23,1
LF:6
LH:6
BRF:0
BRH:0
end_of_record
TN:
SF:routes\userRoutes.js
FNF:0
FNH:0
DA:6,1
DA:8,1
DA:13,1
DA:18,1
DA:23,1
DA:28,1
DA:33,1
DA:34,1
DA:35,1
DA:36,1
DA:37,1
DA:44,1
LF:12
LH:12
BRF:0
BRH:0
end_of_record
